<?xml version="1.0" encoding="UTF-8"?>
<!-- Generated by org.testng.reporters.JUnitXMLReporter -->
<testsuite hostname="claudiu" ignored="12" name="Helioscript-SmokeTests(CHROME)" tests="1" failures="0" timestamp="29 May 2020 13:31:31 GMT" time="24.759" errors="0">
  <testcase name="setCommission" time="17.941" classname="tests.SmokeTests"/>
  <testcase name="adjustAdd_inventory" time="0.0" classname="tests.SmokeTests">
    <ignored/>
  </testcase> <!-- adjustAdd_inventory -->
  <testcase name="add_new_coupon" time="0.0" classname="tests.SmokeTests">
    <ignored/>
  </testcase> <!-- add_new_coupon -->
  <testcase name="medium_Management" time="0.0" classname="tests.SmokeTests">
    <ignored/>
  </testcase> <!-- medium_Management -->
  <testcase name="shipping_method" time="0.0" classname="tests.SmokeTests">
    <ignored/>
  </testcase> <!-- shipping_method -->
  <testcase name="orderHour" time="0.0" classname="tests.SmokeTests">
    <ignored/>
  </testcase> <!-- orderHour -->
  <testcase name="send_CSRInvitation" time="0.0" classname="tests.SmokeTests">
    <ignored/>
  </testcase> <!-- send_CSRInvitation -->
  <testcase name="send_CompounderInvitation" time="0.0" classname="tests.SmokeTests">
    <ignored/>
  </testcase> <!-- send_CompounderInvitation -->
  <testcase name="addNewPatient" time="0.0" classname="tests.SmokeTests">
    <ignored/>
  </testcase> <!-- addNewPatient -->
  <testcase name="invalidCredentials" time="0.0" classname="tests.SmokeTests">
    <ignored/>
  </testcase> <!-- invalidCredentials -->
  <testcase name="send_AdminInvitation" time="0.0" classname="tests.SmokeTests">
    <ignored/>
  </testcase> <!-- send_AdminInvitation -->
  <testcase name="adjustRemove_inventory" time="0.0" classname="tests.SmokeTests">
    <ignored/>
  </testcase> <!-- adjustRemove_inventory -->
  <testcase name="receive_inventory" time="0.0" classname="tests.SmokeTests">
    <ignored/>
  </testcase> <!-- receive_inventory -->
</testsuite> <!-- Helioscript-SmokeTests(CHROME) -->
