<?xml version="1.0" encoding="UTF-8"?>
<!-- Generated by org.testng.reporters.JUnitXMLReporter -->
<testsuite hostname="claudiu" ignored="12" name="Helioscript-SmokeTests(CHROME)" tests="0" failures="0" timestamp="29 May 2020 14:00:44 GMT" time="14.123" errors="0">
  <testcase name="@BeforeMethod setUp" time="14.092" classname="BaseTest.BaseTest">
    <failure type="org.openqa.selenium.SessionNotCreatedException" message="session not created
from chrome not reachable
  (Session info: chrome=83.0.4103.61)
Build info: version: &amp;apos;3.141.59&amp;apos;, revision: &amp;apos;e82be7d358&amp;apos;, time: &amp;apos;2018-11-14T08:17:03&amp;apos;
System info: host: &amp;apos;CLAUDIU&amp;apos;, ip: &amp;apos;192.168.100.2&amp;apos;, os.name: &amp;apos;Windows 10&amp;apos;, os.arch: &amp;apos;amd64&amp;apos;, os.version: &amp;apos;10.0&amp;apos;, java.version: &amp;apos;1.8.0_201&amp;apos;
Driver info: driver.version: ChromeDriver
remote stacktrace: Backtrace:
	Ordinal0 [0x00979563+2725219]
	Ordinal0 [0x00878551+1672529]
	Ordinal0 [0x00760202+524802]
	Ordinal0 [0x007599B2+498098]
	Ordinal0 [0x0075A09B+499867]
	Ordinal0 [0x0075AFF5+503797]
	Ordinal0 [0x00756994+485780]
	Ordinal0 [0x00760FF0+528368]
	Ordinal0 [0x0070D6C9+186057]
	Ordinal0 [0x0070CA3D+182845]
	Ordinal0 [0x0070A94B+174411]
	Ordinal0 [0x006F2528+75048]
	Ordinal0 [0x006F35A0+79264]
	Ordinal0 [0x006F3539+79161]
	Ordinal0 [0x0088D607+1758727]
	GetHandleVerifier [0x00A96546+1050150]
	GetHandleVerifier [0x00A96291+1049457]
	GetHandleVerifier [0x00AA10D7+1094071]
	GetHandleVerifier [0x00A96B46+1051686]
	Ordinal0 [0x00885B06+1727238]
	Ordinal0 [0x0088EB7B+1764219]
	Ordinal0 [0x0088ECE3+1764579]
	Ordinal0 [0x008A4C05+1854469]
	BaseThreadInitThunk [0x77B76359+25]
	RtlGetAppContainerNamedObjectPath [0x77DB7C24+228]
	RtlGetAppContainerNamedObjectPath [0x77DB7BF4+180]
">
      <![CDATA[org.openqa.selenium.SessionNotCreatedException: session not created
from chrome not reachable
  (Session info: chrome=83.0.4103.61)
Build info: version: '3.141.59', revision: 'e82be7d358', time: '2018-11-14T08:17:03'
System info: host: 'CLAUDIU', ip: '192.168.100.2', os.name: 'Windows 10', os.arch: 'amd64', os.version: '10.0', java.version: '1.8.0_201'
Driver info: driver.version: ChromeDriver
remote stacktrace: Backtrace:
Ordinal0 [0x00979563+2725219]
Ordinal0 [0x00878551+1672529]
Ordinal0 [0x00760202+524802]
Ordinal0 [0x007599B2+498098]
Ordinal0 [0x0075A09B+499867]
Ordinal0 [0x0075AFF5+503797]
Ordinal0 [0x00756994+485780]
Ordinal0 [0x00760FF0+528368]
Ordinal0 [0x0070D6C9+186057]
Ordinal0 [0x0070CA3D+182845]
Ordinal0 [0x0070A94B+174411]
Ordinal0 [0x006F2528+75048]
Ordinal0 [0x006F35A0+79264]
Ordinal0 [0x006F3539+79161]
Ordinal0 [0x0088D607+1758727]
GetHandleVerifier [0x00A96546+1050150]
GetHandleVerifier [0x00A96291+1049457]
GetHandleVerifier [0x00AA10D7+1094071]
GetHandleVerifier [0x00A96B46+1051686]
Ordinal0 [0x00885B06+1727238]
Ordinal0 [0x0088EB7B+1764219]
Ordinal0 [0x0088ECE3+1764579]
Ordinal0 [0x008A4C05+1854469]
BaseThreadInitThunk [0x77B76359+25]
RtlGetAppContainerNamedObjectPath [0x77DB7C24+228]
RtlGetAppContainerNamedObjectPath [0x77DB7BF4+180]

at org.openqa.selenium.remote.W3CHandshakeResponse.lambda$errorHandler$0(W3CHandshakeResponse.java:62)
at org.openqa.selenium.remote.HandshakeResponse.lambda$getResponseFunction$0(HandshakeResponse.java:30)
at org.openqa.selenium.remote.ProtocolHandshake.lambda$createSession$0(ProtocolHandshake.java:126)
at java.util.stream.ReferencePipeline$3$1.accept(ReferencePipeline.java:193)
at java.util.Spliterators$ArraySpliterator.tryAdvance(Spliterators.java:958)
at java.util.stream.ReferencePipeline.forEachWithCancel(ReferencePipeline.java:126)
at java.util.stream.AbstractPipeline.copyIntoWithCancel(AbstractPipeline.java:498)
at java.util.stream.AbstractPipeline.copyInto(AbstractPipeline.java:485)
at java.util.stream.AbstractPipeline.wrapAndCopyInto(AbstractPipeline.java:471)
at java.util.stream.FindOps$FindOp.evaluateSequential(FindOps.java:152)
at java.util.stream.AbstractPipeline.evaluate(AbstractPipeline.java:234)
at java.util.stream.ReferencePipeline.findFirst(ReferencePipeline.java:464)
at org.openqa.selenium.remote.ProtocolHandshake.createSession(ProtocolHandshake.java:128)
at org.openqa.selenium.remote.ProtocolHandshake.createSession(ProtocolHandshake.java:74)
at org.openqa.selenium.remote.HttpCommandExecutor.execute(HttpCommandExecutor.java:136)
at org.openqa.selenium.remote.service.DriverCommandExecutor.execute(DriverCommandExecutor.java:83)
at org.openqa.selenium.remote.RemoteWebDriver.execute(RemoteWebDriver.java:552)
at org.openqa.selenium.remote.RemoteWebDriver.startSession(RemoteWebDriver.java:213)
at org.openqa.selenium.remote.RemoteWebDriver.<init>(RemoteWebDriver.java:131)
at org.openqa.selenium.chrome.ChromeDriver.<init>(ChromeDriver.java:181)
at org.openqa.selenium.chrome.ChromeDriver.<init>(ChromeDriver.java:168)
at org.openqa.selenium.chrome.ChromeDriver.<init>(ChromeDriver.java:157)
at BaseTest.BaseTest.setUp(BaseTest.java:53)
... Removed 32 stack frames]]>
    </failure>
  </testcase> <!-- @BeforeMethod setUp -->
  <testcase name="add_new_coupon" time="0.0" classname="tests.SmokeTests">
    <ignored/>
  </testcase> <!-- add_new_coupon -->
  <testcase name="adjustAdd_inventory" time="0.0" classname="tests.SmokeTests">
    <ignored/>
  </testcase> <!-- adjustAdd_inventory -->
  <testcase name="medium_Management" time="0.0" classname="tests.SmokeTests">
    <ignored/>
  </testcase> <!-- medium_Management -->
  <testcase name="shipping_method" time="0.0" classname="tests.SmokeTests">
    <ignored/>
  </testcase> <!-- shipping_method -->
  <testcase name="orderHour" time="0.0" classname="tests.SmokeTests">
    <ignored/>
  </testcase> <!-- orderHour -->
  <testcase name="send_CSRInvitation" time="0.0" classname="tests.SmokeTests">
    <ignored/>
  </testcase> <!-- send_CSRInvitation -->
  <testcase name="send_CompounderInvitation" time="0.0" classname="tests.SmokeTests">
    <ignored/>
  </testcase> <!-- send_CompounderInvitation -->
  <testcase name="addNewPatient" time="0.0" classname="tests.SmokeTests">
    <ignored/>
  </testcase> <!-- addNewPatient -->
  <testcase name="invalidCredentials" time="0.0" classname="tests.SmokeTests">
    <ignored/>
  </testcase> <!-- invalidCredentials -->
  <testcase name="send_AdminInvitation" time="0.0" classname="tests.SmokeTests">
    <ignored/>
  </testcase> <!-- send_AdminInvitation -->
  <testcase name="adjustRemove_inventory" time="0.0" classname="tests.SmokeTests">
    <ignored/>
  </testcase> <!-- adjustRemove_inventory -->
  <testcase name="receive_inventory" time="0.0" classname="tests.SmokeTests">
    <ignored/>
  </testcase> <!-- receive_inventory -->
</testsuite> <!-- Helioscript-SmokeTests(CHROME) -->
