<?xml version="1.0" encoding="UTF-8"?>
<testng-results skipped="0" failed="0" ignored="12" total="13" passed="1">
  <reporter-output>
  </reporter-output>
  <suite name="Smoke Test Suite" duration-ms="24759" started-at="2020-05-29T13:31:06Z" finished-at="2020-05-29T13:31:31Z">
    <groups>
    </groups>
    <test name="Helioscript-SmokeTests(CHROME)" duration-ms="24759" started-at="2020-05-29T13:31:06Z" finished-at="2020-05-29T13:31:31Z">
      <class name="tests.SmokeTests">
        <test-method status="PASS" signature="setUp(java.lang.String, java.lang.String)[pri:0, instance:tests.SmokeTests@2038ae61]" name="setUp" is-config="true" duration-ms="6179" started-at="2020-05-29T13:31:06Z" finished-at="2020-05-29T13:31:12Z">
          <params>
            <param index="0">
              <value>
                <![CDATA[chrome]]>
              </value>
            </param>
            <param index="1">
              <value>
                <![CDATA[http://app.qa.helioscript.com/]]>
              </value>
            </param>
          </params>
          <reporter-output>
          </reporter-output>
        </test-method> <!-- setUp -->
        <test-method status="PASS" signature="setCommission()[pri:1, instance:tests.SmokeTests@2038ae61]" name="setCommission" duration-ms="17941" started-at="2020-05-29T13:31:12Z" finished-at="2020-05-29T13:31:30Z">
          <reporter-output>
          </reporter-output>
        </test-method> <!-- setCommission -->
        <test-method status="PASS" signature="tearDown()[pri:0, instance:tests.SmokeTests@2038ae61]" name="tearDown" is-config="true" duration-ms="615" started-at="2020-05-29T13:31:30Z" finished-at="2020-05-29T13:31:31Z">
          <reporter-output>
          </reporter-output>
        </test-method> <!-- tearDown -->
      </class> <!-- tests.SmokeTests -->
    </test> <!-- Helioscript-SmokeTests(CHROME) -->
  </suite> <!-- Smoke Test Suite -->
</testng-results>
